2023-08-15 16:14:55,556 - __main__ - ERROR - Image 'images\cameras&camcorders.png' not found
2023-08-15 16:15:31,556 - __main__ - INFO - Image 'images\comp-acces.png' scraped successfully
2023-08-15 16:15:31,556 - __main__ - INFO - Image 'images\comp-acces.png' scraped successfully
2023-08-15 16:16:18,391 - __main__ - INFO - Image 'images\gaming&accs.png' scraped successfully
2023-08-15 16:16:18,391 - __main__ - INFO - Image 'images\gaming&accs.png' scraped successfully
2023-08-15 16:16:18,391 - __main__ - INFO - Image 'images\gaming&accs.png' scraped successfully
2023-08-15 16:16:54,980 - __main__ - INFO - Image 'images\health_fitnness&grooming.png' scraped successfully
2023-08-15 16:16:54,980 - __main__ - INFO - Image 'images\health_fitnness&grooming.png' scraped successfully
2023-08-15 16:16:54,980 - __main__ - INFO - Image 'images\health_fitnness&grooming.png' scraped successfully
2023-08-15 16:16:54,980 - __main__ - INFO - Image 'images\health_fitnness&grooming.png' scraped successfully
2023-08-15 16:17:15,830 - __main__ - ERROR - Image 'images\home&kitchen.png' not found
2023-08-15 16:17:15,830 - __main__ - ERROR - Image 'images\home&kitchen.png' not found
2023-08-15 16:17:15,830 - __main__ - ERROR - Image 'images\home&kitchen.png' not found
2023-08-15 16:17:15,830 - __main__ - ERROR - Image 'images\home&kitchen.png' not found
2023-08-15 16:17:15,830 - __main__ - ERROR - Image 'images\home&kitchen.png' not found
2023-08-15 16:17:18,800 - __main__ - ERROR - Image 'images\mobile-accs.png' not found
2023-08-15 16:17:18,800 - __main__ - ERROR - Image 'images\mobile-accs.png' not found
2023-08-15 16:17:18,800 - __main__ - ERROR - Image 'images\mobile-accs.png' not found
2023-08-15 16:17:18,800 - __main__ - ERROR - Image 'images\mobile-accs.png' not found
2023-08-15 16:17:18,800 - __main__ - ERROR - Image 'images\mobile-accs.png' not found
2023-08-15 16:17:18,800 - __main__ - ERROR - Image 'images\mobile-accs.png' not found
2023-08-15 16:17:20,330 - __main__ - ERROR - Image 'images\solar.png' not found
2023-08-15 16:17:20,330 - __main__ - ERROR - Image 'images\solar.png' not found
2023-08-15 16:17:20,330 - __main__ - ERROR - Image 'images\solar.png' not found
2023-08-15 16:17:20,330 - __main__ - ERROR - Image 'images\solar.png' not found
2023-08-15 16:17:20,330 - __main__ - ERROR - Image 'images\solar.png' not found
2023-08-15 16:17:20,330 - __main__ - ERROR - Image 'images\solar.png' not found
2023-08-15 16:17:20,330 - __main__ - ERROR - Image 'images\solar.png' not found
2023-08-15 16:42:55,462 - __main__ - ERROR - Image 'images\cameras&camcorders.png' not found
2023-08-15 16:42:55,909 - __main__ - ERROR - Image 'images\comp-acces.png' not found
2023-08-15 16:42:55,909 - __main__ - ERROR - Image 'images\comp-acces.png' not found
2023-08-15 16:42:59,146 - __main__ - INFO - Image 'images\gaming&accs.png' scraped successfully
2023-08-15 16:42:59,146 - __main__ - INFO - Image 'images\gaming&accs.png' scraped successfully
2023-08-15 16:42:59,146 - __main__ - INFO - Image 'images\gaming&accs.png' scraped successfully
2023-08-15 16:43:03,085 - __main__ - INFO - Image 'images\health_fitnness&grooming.png' scraped successfully
2023-08-15 16:43:03,085 - __main__ - INFO - Image 'images\health_fitnness&grooming.png' scraped successfully
2023-08-15 16:43:03,085 - __main__ - INFO - Image 'images\health_fitnness&grooming.png' scraped successfully
2023-08-15 16:43:03,085 - __main__ - INFO - Image 'images\health_fitnness&grooming.png' scraped successfully
2023-08-15 16:43:06,183 - __main__ - INFO - Image 'images\home&kitchen.png' scraped successfully
2023-08-15 16:43:06,183 - __main__ - INFO - Image 'images\home&kitchen.png' scraped successfully
2023-08-15 16:43:06,183 - __main__ - INFO - Image 'images\home&kitchen.png' scraped successfully
2023-08-15 16:43:06,183 - __main__ - INFO - Image 'images\home&kitchen.png' scraped successfully
2023-08-15 16:43:06,183 - __main__ - INFO - Image 'images\home&kitchen.png' scraped successfully
2023-08-15 16:43:09,220 - __main__ - INFO - Image 'images\mobile-accs.png' scraped successfully
2023-08-15 16:43:09,220 - __main__ - INFO - Image 'images\mobile-accs.png' scraped successfully
2023-08-15 16:43:09,220 - __main__ - INFO - Image 'images\mobile-accs.png' scraped successfully
2023-08-15 16:43:09,220 - __main__ - INFO - Image 'images\mobile-accs.png' scraped successfully
2023-08-15 16:43:09,220 - __main__ - INFO - Image 'images\mobile-accs.png' scraped successfully
2023-08-15 16:43:09,220 - __main__ - INFO - Image 'images\mobile-accs.png' scraped successfully
2023-08-15 16:43:09,467 - __main__ - ERROR - Image 'images\solar.png' not found
2023-08-15 16:43:09,467 - __main__ - ERROR - Image 'images\solar.png' not found
2023-08-15 16:43:09,467 - __main__ - ERROR - Image 'images\solar.png' not found
2023-08-15 16:43:09,467 - __main__ - ERROR - Image 'images\solar.png' not found
2023-08-15 16:43:09,467 - __main__ - ERROR - Image 'images\solar.png' not found
2023-08-15 16:43:09,467 - __main__ - ERROR - Image 'images\solar.png' not found
2023-08-15 16:43:09,467 - __main__ - ERROR - Image 'images\solar.png' not found
2023-08-15 16:48:49,780 - __main__ - INFO - Image 'images\cameras&camcorders.png' scraped successfully
2023-08-15 16:48:52,689 - __main__ - INFO - Image 'images\comp-acces.png' scraped successfully
2023-08-15 16:48:52,689 - __main__ - INFO - Image 'images\comp-acces.png' scraped successfully
2023-08-15 16:48:55,672 - __main__ - INFO - Image 'images\gaming&accs.png' scraped successfully
2023-08-15 16:48:55,672 - __main__ - INFO - Image 'images\gaming&accs.png' scraped successfully
2023-08-15 16:48:55,672 - __main__ - INFO - Image 'images\gaming&accs.png' scraped successfully
2023-08-15 16:48:58,588 - __main__ - INFO - Image 'images\health_fitnness&grooming.png' scraped successfully
2023-08-15 16:48:58,588 - __main__ - INFO - Image 'images\health_fitnness&grooming.png' scraped successfully
2023-08-15 16:48:58,588 - __main__ - INFO - Image 'images\health_fitnness&grooming.png' scraped successfully
2023-08-15 16:48:58,588 - __main__ - INFO - Image 'images\health_fitnness&grooming.png' scraped successfully
2023-08-15 16:49:01,497 - __main__ - INFO - Image 'images\home&kitchen.png' scraped successfully
2023-08-15 16:49:01,497 - __main__ - INFO - Image 'images\home&kitchen.png' scraped successfully
2023-08-15 16:49:01,497 - __main__ - INFO - Image 'images\home&kitchen.png' scraped successfully
2023-08-15 16:49:01,497 - __main__ - INFO - Image 'images\home&kitchen.png' scraped successfully
2023-08-15 16:49:01,497 - __main__ - INFO - Image 'images\home&kitchen.png' scraped successfully
2023-08-15 16:49:01,745 - __main__ - ERROR - Image 'images\mobile-accs.png' not found
2023-08-15 16:49:01,745 - __main__ - ERROR - Image 'images\mobile-accs.png' not found
2023-08-15 16:49:01,745 - __main__ - ERROR - Image 'images\mobile-accs.png' not found
2023-08-15 16:49:01,745 - __main__ - ERROR - Image 'images\mobile-accs.png' not found
2023-08-15 16:49:01,745 - __main__ - ERROR - Image 'images\mobile-accs.png' not found
2023-08-15 16:49:01,745 - __main__ - ERROR - Image 'images\mobile-accs.png' not found
2023-08-15 16:49:01,966 - __main__ - ERROR - Image 'images\solar.png' not found
2023-08-15 16:49:01,966 - __main__ - ERROR - Image 'images\solar.png' not found
2023-08-15 16:49:01,966 - __main__ - ERROR - Image 'images\solar.png' not found
2023-08-15 16:49:01,966 - __main__ - ERROR - Image 'images\solar.png' not found
2023-08-15 16:49:01,966 - __main__ - ERROR - Image 'images\solar.png' not found
2023-08-15 16:49:01,966 - __main__ - ERROR - Image 'images\solar.png' not found
2023-08-15 16:49:01,966 - __main__ - ERROR - Image 'images\solar.png' not found
2023-08-15 16:49:04,929 - __main__ - INFO - Image 'images\tablet&accs.png' scraped successfully
2023-08-15 16:49:04,929 - __main__ - INFO - Image 'images\tablet&accs.png' scraped successfully
2023-08-15 16:49:04,929 - __main__ - INFO - Image 'images\tablet&accs.png' scraped successfully
2023-08-15 16:49:04,929 - __main__ - INFO - Image 'images\tablet&accs.png' scraped successfully
2023-08-15 16:49:04,929 - __main__ - INFO - Image 'images\tablet&accs.png' scraped successfully
2023-08-15 16:49:04,929 - __main__ - INFO - Image 'images\tablet&accs.png' scraped successfully
2023-08-15 16:49:04,929 - __main__ - INFO - Image 'images\tablet&accs.png' scraped successfully
2023-08-15 16:49:04,929 - __main__ - INFO - Image 'images\tablet&accs.png' scraped successfully
2023-08-15 16:49:07,856 - __main__ - INFO - Image 'images\tv_audio&video.png' scraped successfully
2023-08-15 16:49:07,856 - __main__ - INFO - Image 'images\tv_audio&video.png' scraped successfully
2023-08-15 16:49:07,856 - __main__ - INFO - Image 'images\tv_audio&video.png' scraped successfully
2023-08-15 16:49:07,856 - __main__ - INFO - Image 'images\tv_audio&video.png' scraped successfully
2023-08-15 16:49:07,856 - __main__ - INFO - Image 'images\tv_audio&video.png' scraped successfully
2023-08-15 16:49:07,856 - __main__ - INFO - Image 'images\tv_audio&video.png' scraped successfully
2023-08-15 16:49:07,856 - __main__ - INFO - Image 'images\tv_audio&video.png' scraped successfully
2023-08-15 16:49:07,856 - __main__ - INFO - Image 'images\tv_audio&video.png' scraped successfully
2023-08-15 16:49:07,856 - __main__ - INFO - Image 'images\tv_audio&video.png' scraped successfully
2023-08-15 16:49:10,827 - __main__ - INFO - Image 'images\wearable_smartwatch.png' scraped successfully
2023-08-15 16:49:10,827 - __main__ - INFO - Image 'images\wearable_smartwatch.png' scraped successfully
2023-08-15 16:49:10,827 - __main__ - INFO - Image 'images\wearable_smartwatch.png' scraped successfully
2023-08-15 16:49:10,827 - __main__ - INFO - Image 'images\wearable_smartwatch.png' scraped successfully
2023-08-15 16:49:10,827 - __main__ - INFO - Image 'images\wearable_smartwatch.png' scraped successfully
2023-08-15 16:49:10,827 - __main__ - INFO - Image 'images\wearable_smartwatch.png' scraped successfully
2023-08-15 16:49:10,827 - __main__ - INFO - Image 'images\wearable_smartwatch.png' scraped successfully
2023-08-15 16:49:10,827 - __main__ - INFO - Image 'images\wearable_smartwatch.png' scraped successfully
2023-08-15 16:49:10,827 - __main__ - INFO - Image 'images\wearable_smartwatch.png' scraped successfully
2023-08-15 16:49:10,827 - __main__ - INFO - Image 'images\wearable_smartwatch.png' scraped successfully
2023-08-15 17:09:07,940 - __main__ - INFO - Image 'images\cameras&camcorders.png' scraped successfully
2023-08-15 17:09:10,954 - __main__ - INFO - Image 'images\comp-acces.png' scraped successfully
2023-08-15 17:09:10,954 - __main__ - INFO - Image 'images\comp-acces.png' scraped successfully
2023-08-15 17:09:13,934 - __main__ - INFO - Image 'images\gaming&accs.png' scraped successfully
2023-08-15 17:09:13,934 - __main__ - INFO - Image 'images\gaming&accs.png' scraped successfully
2023-08-15 17:09:13,934 - __main__ - INFO - Image 'images\gaming&accs.png' scraped successfully
2023-08-15 17:09:16,921 - __main__ - INFO - Image 'images\health_fitnness&grooming.png' scraped successfully
2023-08-15 17:09:16,921 - __main__ - INFO - Image 'images\health_fitnness&grooming.png' scraped successfully
2023-08-15 17:09:16,921 - __main__ - INFO - Image 'images\health_fitnness&grooming.png' scraped successfully
2023-08-15 17:09:16,921 - __main__ - INFO - Image 'images\health_fitnness&grooming.png' scraped successfully
2023-08-15 17:09:19,868 - __main__ - INFO - Image 'images\home&kitchen.png' scraped successfully
2023-08-15 17:09:19,868 - __main__ - INFO - Image 'images\home&kitchen.png' scraped successfully
2023-08-15 17:09:19,868 - __main__ - INFO - Image 'images\home&kitchen.png' scraped successfully
2023-08-15 17:09:19,868 - __main__ - INFO - Image 'images\home&kitchen.png' scraped successfully
2023-08-15 17:09:19,868 - __main__ - INFO - Image 'images\home&kitchen.png' scraped successfully
2023-08-15 17:09:22,804 - __main__ - INFO - Image 'images\mobile-accs.png' scraped successfully
2023-08-15 17:09:22,804 - __main__ - INFO - Image 'images\mobile-accs.png' scraped successfully
2023-08-15 17:09:22,804 - __main__ - INFO - Image 'images\mobile-accs.png' scraped successfully
2023-08-15 17:09:22,804 - __main__ - INFO - Image 'images\mobile-accs.png' scraped successfully
2023-08-15 17:09:22,804 - __main__ - INFO - Image 'images\mobile-accs.png' scraped successfully
2023-08-15 17:09:22,804 - __main__ - INFO - Image 'images\mobile-accs.png' scraped successfully
2023-08-15 17:09:23,025 - __main__ - ERROR - Image 'images\solar.png' not found
2023-08-15 17:09:23,025 - __main__ - ERROR - Image 'images\solar.png' not found
2023-08-15 17:09:23,025 - __main__ - ERROR - Image 'images\solar.png' not found
2023-08-15 17:09:23,025 - __main__ - ERROR - Image 'images\solar.png' not found
2023-08-15 17:09:23,025 - __main__ - ERROR - Image 'images\solar.png' not found
2023-08-15 17:09:23,025 - __main__ - ERROR - Image 'images\solar.png' not found
2023-08-15 17:09:23,025 - __main__ - ERROR - Image 'images\solar.png' not found
2023-08-15 17:09:25,951 - __main__ - INFO - Image 'images\tablet&accs.png' scraped successfully
2023-08-15 17:09:25,951 - __main__ - INFO - Image 'images\tablet&accs.png' scraped successfully
2023-08-15 17:09:25,951 - __main__ - INFO - Image 'images\tablet&accs.png' scraped successfully
2023-08-15 17:09:25,951 - __main__ - INFO - Image 'images\tablet&accs.png' scraped successfully
2023-08-15 17:09:25,951 - __main__ - INFO - Image 'images\tablet&accs.png' scraped successfully
2023-08-15 17:09:25,951 - __main__ - INFO - Image 'images\tablet&accs.png' scraped successfully
2023-08-15 17:09:25,951 - __main__ - INFO - Image 'images\tablet&accs.png' scraped successfully
2023-08-15 17:09:25,951 - __main__ - INFO - Image 'images\tablet&accs.png' scraped successfully
2023-08-15 17:09:28,904 - __main__ - INFO - Image 'images\tv_audio&video.png' scraped successfully
2023-08-15 17:09:28,904 - __main__ - INFO - Image 'images\tv_audio&video.png' scraped successfully
2023-08-15 17:09:28,904 - __main__ - INFO - Image 'images\tv_audio&video.png' scraped successfully
2023-08-15 17:09:28,904 - __main__ - INFO - Image 'images\tv_audio&video.png' scraped successfully
2023-08-15 17:09:28,904 - __main__ - INFO - Image 'images\tv_audio&video.png' scraped successfully
2023-08-15 17:09:28,904 - __main__ - INFO - Image 'images\tv_audio&video.png' scraped successfully
2023-08-15 17:09:28,904 - __main__ - INFO - Image 'images\tv_audio&video.png' scraped successfully
2023-08-15 17:09:28,904 - __main__ - INFO - Image 'images\tv_audio&video.png' scraped successfully
2023-08-15 17:09:28,904 - __main__ - INFO - Image 'images\tv_audio&video.png' scraped successfully
2023-08-15 17:09:31,878 - __main__ - INFO - Image 'images\wearable_smartwatch.png' scraped successfully
2023-08-15 17:09:31,878 - __main__ - INFO - Image 'images\wearable_smartwatch.png' scraped successfully
2023-08-15 17:09:31,878 - __main__ - INFO - Image 'images\wearable_smartwatch.png' scraped successfully
2023-08-15 17:09:31,878 - __main__ - INFO - Image 'images\wearable_smartwatch.png' scraped successfully
2023-08-15 17:09:31,878 - __main__ - INFO - Image 'images\wearable_smartwatch.png' scraped successfully
2023-08-15 17:09:31,878 - __main__ - INFO - Image 'images\wearable_smartwatch.png' scraped successfully
2023-08-15 17:09:31,878 - __main__ - INFO - Image 'images\wearable_smartwatch.png' scraped successfully
2023-08-15 17:09:31,878 - __main__ - INFO - Image 'images\wearable_smartwatch.png' scraped successfully
2023-08-15 17:09:31,878 - __main__ - INFO - Image 'images\wearable_smartwatch.png' scraped successfully
2023-08-15 17:09:31,878 - __main__ - INFO - Image 'images\wearable_smartwatch.png' scraped successfully
2023-08-15 17:19:13,958 - __main__ - INFO - Image 'images\cameras&camcorders.png' scraped successfully
2023-08-15 17:19:19,056 - __main__ - INFO - Image 'images\comp-acces.png' scraped successfully
2023-08-15 17:19:19,056 - __main__ - INFO - Image 'images\comp-acces.png' scraped successfully
2023-08-15 17:19:24,093 - __main__ - INFO - Image 'images\gaming&accs.png' scraped successfully
2023-08-15 17:19:24,093 - __main__ - INFO - Image 'images\gaming&accs.png' scraped successfully
2023-08-15 17:19:24,093 - __main__ - INFO - Image 'images\gaming&accs.png' scraped successfully
2023-08-15 17:19:29,091 - __main__ - INFO - Image 'images\health_fitnness&grooming.png' scraped successfully
2023-08-15 17:19:29,091 - __main__ - INFO - Image 'images\health_fitnness&grooming.png' scraped successfully
2023-08-15 17:19:29,091 - __main__ - INFO - Image 'images\health_fitnness&grooming.png' scraped successfully
2023-08-15 17:19:29,091 - __main__ - INFO - Image 'images\health_fitnness&grooming.png' scraped successfully
2023-08-15 17:19:34,040 - __main__ - INFO - Image 'images\home&kitchen.png' scraped successfully
2023-08-15 17:19:34,040 - __main__ - INFO - Image 'images\home&kitchen.png' scraped successfully
2023-08-15 17:19:34,040 - __main__ - INFO - Image 'images\home&kitchen.png' scraped successfully
2023-08-15 17:19:34,040 - __main__ - INFO - Image 'images\home&kitchen.png' scraped successfully
2023-08-15 17:19:34,040 - __main__ - INFO - Image 'images\home&kitchen.png' scraped successfully
2023-08-15 17:19:39,012 - __main__ - INFO - Image 'images\mobile-accs.png' scraped successfully
2023-08-15 17:19:39,012 - __main__ - INFO - Image 'images\mobile-accs.png' scraped successfully
2023-08-15 17:19:39,012 - __main__ - INFO - Image 'images\mobile-accs.png' scraped successfully
2023-08-15 17:19:39,012 - __main__ - INFO - Image 'images\mobile-accs.png' scraped successfully
2023-08-15 17:19:39,012 - __main__ - INFO - Image 'images\mobile-accs.png' scraped successfully
2023-08-15 17:19:39,012 - __main__ - INFO - Image 'images\mobile-accs.png' scraped successfully
2023-08-15 17:19:39,223 - __main__ - ERROR - Image 'images\solar.png' not found
2023-08-15 17:19:39,223 - __main__ - ERROR - Image 'images\solar.png' not found
2023-08-15 17:19:39,223 - __main__ - ERROR - Image 'images\solar.png' not found
2023-08-15 17:19:39,223 - __main__ - ERROR - Image 'images\solar.png' not found
2023-08-15 17:19:39,223 - __main__ - ERROR - Image 'images\solar.png' not found
2023-08-15 17:19:39,223 - __main__ - ERROR - Image 'images\solar.png' not found
2023-08-15 17:19:39,223 - __main__ - ERROR - Image 'images\solar.png' not found
2023-08-15 17:19:44,215 - __main__ - INFO - Image 'images\tablet&accs.png' scraped successfully
2023-08-15 17:19:44,215 - __main__ - INFO - Image 'images\tablet&accs.png' scraped successfully
2023-08-15 17:19:44,215 - __main__ - INFO - Image 'images\tablet&accs.png' scraped successfully
2023-08-15 17:19:44,215 - __main__ - INFO - Image 'images\tablet&accs.png' scraped successfully
2023-08-15 17:19:44,215 - __main__ - INFO - Image 'images\tablet&accs.png' scraped successfully
2023-08-15 17:19:44,215 - __main__ - INFO - Image 'images\tablet&accs.png' scraped successfully
2023-08-15 17:19:44,215 - __main__ - INFO - Image 'images\tablet&accs.png' scraped successfully
2023-08-15 17:19:44,215 - __main__ - INFO - Image 'images\tablet&accs.png' scraped successfully
2023-08-15 17:19:49,231 - __main__ - INFO - Image 'images\tv_audio&video.png' scraped successfully
2023-08-15 17:19:49,231 - __main__ - INFO - Image 'images\tv_audio&video.png' scraped successfully
2023-08-15 17:19:49,231 - __main__ - INFO - Image 'images\tv_audio&video.png' scraped successfully
2023-08-15 17:19:49,231 - __main__ - INFO - Image 'images\tv_audio&video.png' scraped successfully
2023-08-15 17:19:49,231 - __main__ - INFO - Image 'images\tv_audio&video.png' scraped successfully
2023-08-15 17:19:49,231 - __main__ - INFO - Image 'images\tv_audio&video.png' scraped successfully
2023-08-15 17:19:49,231 - __main__ - INFO - Image 'images\tv_audio&video.png' scraped successfully
2023-08-15 17:19:49,231 - __main__ - INFO - Image 'images\tv_audio&video.png' scraped successfully
2023-08-15 17:19:49,231 - __main__ - INFO - Image 'images\tv_audio&video.png' scraped successfully
2023-08-15 17:19:54,164 - __main__ - INFO - Image 'images\wearable_smartwatch.png' scraped successfully
2023-08-15 17:19:54,164 - __main__ - INFO - Image 'images\wearable_smartwatch.png' scraped successfully
2023-08-15 17:19:54,164 - __main__ - INFO - Image 'images\wearable_smartwatch.png' scraped successfully
2023-08-15 17:19:54,164 - __main__ - INFO - Image 'images\wearable_smartwatch.png' scraped successfully
2023-08-15 17:19:54,164 - __main__ - INFO - Image 'images\wearable_smartwatch.png' scraped successfully
2023-08-15 17:19:54,164 - __main__ - INFO - Image 'images\wearable_smartwatch.png' scraped successfully
2023-08-15 17:19:54,164 - __main__ - INFO - Image 'images\wearable_smartwatch.png' scraped successfully
2023-08-15 17:19:54,164 - __main__ - INFO - Image 'images\wearable_smartwatch.png' scraped successfully
2023-08-15 17:19:54,164 - __main__ - INFO - Image 'images\wearable_smartwatch.png' scraped successfully
2023-08-15 17:19:54,164 - __main__ - INFO - Image 'images\wearable_smartwatch.png' scraped successfully
2023-08-15 17:32:35,561 - __main__ - INFO - Image 'images\cameras&camcorders.png' scraped successfully
2023-08-15 18:04:06,007 - __main__ - INFO - Image 'images\cameras&camcorders.png' scraped successfully
2023-08-15 18:05:16,475 - __main__ - INFO - Image 'images\comp-acces.png' scraped successfully
2023-08-15 18:05:16,475 - __main__ - INFO - Image 'images\comp-acces.png' scraped successfully
2023-08-15 18:06:19,621 - __main__ - INFO - Image 'images\gaming&accs.png' scraped successfully
2023-08-15 18:06:19,621 - __main__ - INFO - Image 'images\gaming&accs.png' scraped successfully
2023-08-15 18:06:19,621 - __main__ - INFO - Image 'images\gaming&accs.png' scraped successfully
2023-08-15 18:07:20,768 - __main__ - INFO - Image 'images\health_fitnness&grooming.png' scraped successfully
2023-08-15 18:07:20,768 - __main__ - INFO - Image 'images\health_fitnness&grooming.png' scraped successfully
2023-08-15 18:07:20,768 - __main__ - INFO - Image 'images\health_fitnness&grooming.png' scraped successfully
2023-08-15 18:07:20,768 - __main__ - INFO - Image 'images\health_fitnness&grooming.png' scraped successfully
2023-08-15 18:08:27,555 - __main__ - INFO - Image 'images\home&kitchen.png' scraped successfully
2023-08-15 18:08:27,555 - __main__ - INFO - Image 'images\home&kitchen.png' scraped successfully
2023-08-15 18:08:27,555 - __main__ - INFO - Image 'images\home&kitchen.png' scraped successfully
2023-08-15 18:08:27,555 - __main__ - INFO - Image 'images\home&kitchen.png' scraped successfully
2023-08-15 18:08:27,555 - __main__ - INFO - Image 'images\home&kitchen.png' scraped successfully
2023-08-15 18:09:30,584 - __main__ - INFO - Image 'images\mobile-accs.png' scraped successfully
2023-08-15 18:09:30,584 - __main__ - INFO - Image 'images\mobile-accs.png' scraped successfully
2023-08-15 18:09:30,584 - __main__ - INFO - Image 'images\mobile-accs.png' scraped successfully
2023-08-15 18:09:30,584 - __main__ - INFO - Image 'images\mobile-accs.png' scraped successfully
2023-08-15 18:09:30,584 - __main__ - INFO - Image 'images\mobile-accs.png' scraped successfully
2023-08-15 18:09:30,584 - __main__ - INFO - Image 'images\mobile-accs.png' scraped successfully
2023-08-15 18:09:30,769 - __main__ - ERROR - Image 'images\solar.png' not found
2023-08-15 18:09:30,769 - __main__ - ERROR - Image 'images\solar.png' not found
2023-08-15 18:09:30,769 - __main__ - ERROR - Image 'images\solar.png' not found
2023-08-15 18:09:30,769 - __main__ - ERROR - Image 'images\solar.png' not found
2023-08-15 18:09:30,769 - __main__ - ERROR - Image 'images\solar.png' not found
2023-08-15 18:09:30,769 - __main__ - ERROR - Image 'images\solar.png' not found
2023-08-15 18:09:30,769 - __main__ - ERROR - Image 'images\solar.png' not found
2023-08-15 18:10:33,756 - __main__ - INFO - Image 'images\tablet&accs.png' scraped successfully
2023-08-15 18:10:33,756 - __main__ - INFO - Image 'images\tablet&accs.png' scraped successfully
2023-08-15 18:10:33,756 - __main__ - INFO - Image 'images\tablet&accs.png' scraped successfully
2023-08-15 18:10:33,756 - __main__ - INFO - Image 'images\tablet&accs.png' scraped successfully
2023-08-15 18:10:33,756 - __main__ - INFO - Image 'images\tablet&accs.png' scraped successfully
2023-08-15 18:10:33,756 - __main__ - INFO - Image 'images\tablet&accs.png' scraped successfully
2023-08-15 18:10:33,756 - __main__ - INFO - Image 'images\tablet&accs.png' scraped successfully
2023-08-15 18:10:33,756 - __main__ - INFO - Image 'images\tablet&accs.png' scraped successfully
2023-08-15 18:11:36,507 - __main__ - INFO - Image 'images\tv_audio&video.png' scraped successfully
2023-08-15 18:11:36,507 - __main__ - INFO - Image 'images\tv_audio&video.png' scraped successfully
2023-08-15 18:11:36,507 - __main__ - INFO - Image 'images\tv_audio&video.png' scraped successfully
2023-08-15 18:11:36,507 - __main__ - INFO - Image 'images\tv_audio&video.png' scraped successfully
2023-08-15 18:11:36,507 - __main__ - INFO - Image 'images\tv_audio&video.png' scraped successfully
2023-08-15 18:11:36,507 - __main__ - INFO - Image 'images\tv_audio&video.png' scraped successfully
2023-08-15 18:11:36,507 - __main__ - INFO - Image 'images\tv_audio&video.png' scraped successfully
2023-08-15 18:11:36,507 - __main__ - INFO - Image 'images\tv_audio&video.png' scraped successfully
2023-08-15 18:11:36,507 - __main__ - INFO - Image 'images\tv_audio&video.png' scraped successfully
2023-08-15 18:12:38,637 - __main__ - INFO - Image 'images\wearable_smartwatch.png' scraped successfully
2023-08-15 18:12:38,637 - __main__ - INFO - Image 'images\wearable_smartwatch.png' scraped successfully
2023-08-15 18:12:38,637 - __main__ - INFO - Image 'images\wearable_smartwatch.png' scraped successfully
2023-08-15 18:12:38,637 - __main__ - INFO - Image 'images\wearable_smartwatch.png' scraped successfully
2023-08-15 18:12:38,637 - __main__ - INFO - Image 'images\wearable_smartwatch.png' scraped successfully
2023-08-15 18:12:38,637 - __main__ - INFO - Image 'images\wearable_smartwatch.png' scraped successfully
2023-08-15 18:12:38,637 - __main__ - INFO - Image 'images\wearable_smartwatch.png' scraped successfully
2023-08-15 18:12:38,637 - __main__ - INFO - Image 'images\wearable_smartwatch.png' scraped successfully
2023-08-15 18:12:38,637 - __main__ - INFO - Image 'images\wearable_smartwatch.png' scraped successfully
2023-08-15 18:12:38,637 - __main__ - INFO - Image 'images\wearable_smartwatch.png' scraped successfully
2023-08-15 18:12:41,702 - __main__ - INFO - successfully Fetched data
2023-08-15 18:12:41,702 - __main__ - INFO - successfully Fetched data
2023-08-15 18:12:41,702 - __main__ - INFO - successfully Fetched data
2023-08-15 18:12:41,702 - __main__ - INFO - successfully Fetched data
2023-08-15 18:12:41,702 - __main__ - INFO - successfully Fetched data
2023-08-15 18:12:41,702 - __main__ - INFO - successfully Fetched data
2023-08-15 18:12:41,702 - __main__ - INFO - successfully Fetched data
2023-08-15 18:12:41,702 - __main__ - INFO - successfully Fetched data
2023-08-15 18:12:41,702 - __main__ - INFO - successfully Fetched data
2023-08-15 18:12:41,702 - __main__ - INFO - successfully Fetched data
2023-08-15 18:12:41,702 - __main__ - INFO - successfully Fetched data
2023-08-15 19:18:37,318 - __main__ - INFO - Image 'images\cameras&camcorders.png' scraped successfully
2023-08-15 19:19:52,342 - __main__ - INFO - Image 'images\comp-acces.png' scraped successfully
2023-08-15 19:19:52,342 - __main__ - INFO - Image 'images\comp-acces.png' scraped successfully
2023-08-15 19:20:57,094 - __main__ - INFO - Image 'images\gaming&accs.png' scraped successfully
2023-08-15 19:20:57,094 - __main__ - INFO - Image 'images\gaming&accs.png' scraped successfully
2023-08-15 19:20:57,094 - __main__ - INFO - Image 'images\gaming&accs.png' scraped successfully
2023-08-15 19:22:00,528 - __main__ - INFO - Image 'images\health_fitnness&grooming.png' scraped successfully
2023-08-15 19:22:00,528 - __main__ - INFO - Image 'images\health_fitnness&grooming.png' scraped successfully
2023-08-15 19:22:00,528 - __main__ - INFO - Image 'images\health_fitnness&grooming.png' scraped successfully
2023-08-15 19:22:00,528 - __main__ - INFO - Image 'images\health_fitnness&grooming.png' scraped successfully
2023-08-15 19:23:02,371 - __main__ - INFO - Image 'images\home&kitchen.png' scraped successfully
2023-08-15 19:23:02,371 - __main__ - INFO - Image 'images\home&kitchen.png' scraped successfully
2023-08-15 19:23:02,371 - __main__ - INFO - Image 'images\home&kitchen.png' scraped successfully
2023-08-15 19:23:02,371 - __main__ - INFO - Image 'images\home&kitchen.png' scraped successfully
2023-08-15 19:23:02,371 - __main__ - INFO - Image 'images\home&kitchen.png' scraped successfully
2023-08-15 19:24:06,213 - __main__ - INFO - Image 'images\mobile-accs.png' scraped successfully
2023-08-15 19:24:06,213 - __main__ - INFO - Image 'images\mobile-accs.png' scraped successfully
2023-08-15 19:24:06,213 - __main__ - INFO - Image 'images\mobile-accs.png' scraped successfully
2023-08-15 19:24:06,213 - __main__ - INFO - Image 'images\mobile-accs.png' scraped successfully
2023-08-15 19:24:06,213 - __main__ - INFO - Image 'images\mobile-accs.png' scraped successfully
2023-08-15 19:24:06,213 - __main__ - INFO - Image 'images\mobile-accs.png' scraped successfully
2023-08-15 19:24:06,421 - __main__ - ERROR - Image 'images\solar.png' not found
2023-08-15 19:24:06,421 - __main__ - ERROR - Image 'images\solar.png' not found
2023-08-15 19:24:06,421 - __main__ - ERROR - Image 'images\solar.png' not found
2023-08-15 19:24:06,421 - __main__ - ERROR - Image 'images\solar.png' not found
2023-08-15 19:24:06,421 - __main__ - ERROR - Image 'images\solar.png' not found
2023-08-15 19:24:06,421 - __main__ - ERROR - Image 'images\solar.png' not found
2023-08-15 19:24:06,421 - __main__ - ERROR - Image 'images\solar.png' not found
2023-08-15 19:25:07,312 - __main__ - INFO - Image 'images\tablet&accs.png' scraped successfully
2023-08-15 19:25:07,312 - __main__ - INFO - Image 'images\tablet&accs.png' scraped successfully
2023-08-15 19:25:07,312 - __main__ - INFO - Image 'images\tablet&accs.png' scraped successfully
2023-08-15 19:25:07,312 - __main__ - INFO - Image 'images\tablet&accs.png' scraped successfully
2023-08-15 19:25:07,312 - __main__ - INFO - Image 'images\tablet&accs.png' scraped successfully
2023-08-15 19:25:07,312 - __main__ - INFO - Image 'images\tablet&accs.png' scraped successfully
2023-08-15 19:25:07,312 - __main__ - INFO - Image 'images\tablet&accs.png' scraped successfully
2023-08-15 19:25:07,312 - __main__ - INFO - Image 'images\tablet&accs.png' scraped successfully
2023-08-15 19:26:10,540 - __main__ - INFO - Image 'images\tv_audio&video.png' scraped successfully
2023-08-15 19:26:10,540 - __main__ - INFO - Image 'images\tv_audio&video.png' scraped successfully
2023-08-15 19:26:10,540 - __main__ - INFO - Image 'images\tv_audio&video.png' scraped successfully
2023-08-15 19:26:10,540 - __main__ - INFO - Image 'images\tv_audio&video.png' scraped successfully
2023-08-15 19:26:10,540 - __main__ - INFO - Image 'images\tv_audio&video.png' scraped successfully
2023-08-15 19:26:10,540 - __main__ - INFO - Image 'images\tv_audio&video.png' scraped successfully
2023-08-15 19:26:10,540 - __main__ - INFO - Image 'images\tv_audio&video.png' scraped successfully
2023-08-15 19:26:10,540 - __main__ - INFO - Image 'images\tv_audio&video.png' scraped successfully
2023-08-15 19:26:10,540 - __main__ - INFO - Image 'images\tv_audio&video.png' scraped successfully
2023-08-15 19:27:10,528 - __main__ - INFO - Image 'images\wearable_smartwatch.png' scraped successfully
2023-08-15 19:27:10,528 - __main__ - INFO - Image 'images\wearable_smartwatch.png' scraped successfully
2023-08-15 19:27:10,528 - __main__ - INFO - Image 'images\wearable_smartwatch.png' scraped successfully
2023-08-15 19:27:10,528 - __main__ - INFO - Image 'images\wearable_smartwatch.png' scraped successfully
2023-08-15 19:27:10,528 - __main__ - INFO - Image 'images\wearable_smartwatch.png' scraped successfully
2023-08-15 19:27:10,528 - __main__ - INFO - Image 'images\wearable_smartwatch.png' scraped successfully
2023-08-15 19:27:10,528 - __main__ - INFO - Image 'images\wearable_smartwatch.png' scraped successfully
2023-08-15 19:27:10,528 - __main__ - INFO - Image 'images\wearable_smartwatch.png' scraped successfully
2023-08-15 19:27:10,528 - __main__ - INFO - Image 'images\wearable_smartwatch.png' scraped successfully
2023-08-15 19:27:10,528 - __main__ - INFO - Image 'images\wearable_smartwatch.png' scraped successfully
2023-08-15 19:27:13,333 - __main__ - INFO - successfully Fetched data
2023-08-15 19:27:13,333 - __main__ - INFO - successfully Fetched data
2023-08-15 19:27:13,333 - __main__ - INFO - successfully Fetched data
2023-08-15 19:27:13,333 - __main__ - INFO - successfully Fetched data
2023-08-15 19:27:13,333 - __main__ - INFO - successfully Fetched data
2023-08-15 19:27:13,333 - __main__ - INFO - successfully Fetched data
2023-08-15 19:27:13,333 - __main__ - INFO - successfully Fetched data
2023-08-15 19:27:13,333 - __main__ - INFO - successfully Fetched data
2023-08-15 19:27:13,333 - __main__ - INFO - successfully Fetched data
2023-08-15 19:27:13,333 - __main__ - INFO - successfully Fetched data
2023-08-15 19:27:13,333 - __main__ - INFO - successfully Fetched data
